{"level":"error","message":"Password must include at least one letter, one number, and one special character."}
{"level":"info","message":"{\"method\":\"POST\",\"url\":\"/api/v1/auth/login\",\"status\":\"404\",\"responseTime\":\"38.648\"}"}
{"level":"error","message":"jwt expired"}
{"level":"info","message":"{\"method\":\"POST\",\"url\":\"/api/v1/admin/products?category=6784ebef5ff484b886895bf2&subCategory=6784ef195264217713dbe4dd\",\"status\":\"500\",\"responseTime\":\"1264.741\"}"}
{"level":"info","message":"{\"method\":\"POST\",\"url\":\"/api/v1/auth/login\",\"status\":\"404\",\"responseTime\":\"21.954\"}"}
{"level":"info","message":"{\"method\":\"POST\",\"url\":\"/api/v1/auth/login\",\"status\":\"200\",\"responseTime\":\"970.361\"}"}
{"level":"info","message":"{\"method\":\"POST\",\"url\":\"/api/v1/auth/login\",\"status\":\"200\",\"responseTime\":\"393.587\"}"}
{"level":"info","message":"{\"method\":\"POST\",\"url\":\"/api/v1/auth/login/otp\",\"status\":\"200\",\"responseTime\":\"82.766\"}"}
{"level":"info","message":"{\"method\":\"POST\",\"url\":\"/api/v1/admin/products?category=6784ebef5ff484b886895bf2&subCategory=6784ef195264217713dbe4dd\",\"status\":\"400\",\"responseTime\":\"3344.643\"}"}
{"level":"info","message":"{\"method\":\"POST\",\"url\":\"/api/v1/admin/products?category=6784ebef5ff484b886895bf2&subCategory=6784ef195264217713dbe4dd\",\"status\":\"200\",\"responseTime\":\"3537.476\"}"}
{"level":"info","message":"{\"method\":\"POST\",\"url\":\"/api/v1/admin/products?category=6784ebef5ff484b886895bf2&subCategory=6784ef195264217713dbe4dd\",\"status\":\"200\",\"responseTime\":\"3348.852\"}"}
{"level":"info","message":"{\"method\":\"POST\",\"url\":\"/api/v1/admin/products?category=6784ebef5ff484b886895bf2&subCategory=6784ef195264217713dbe4dd\",\"status\":\"200\",\"responseTime\":\"3689.895\"}"}
{"level":"info","message":"{\"method\":\"POST\",\"url\":\"/api/v1/admin/products?category=6784ebef5ff484b886895bf2&subCategory=6784ef195264217713dbe4dd\",\"status\":\"400\",\"responseTime\":\"3402.726\"}"}
{"level":"info","message":"{\"method\":\"POST\",\"url\":\"/api/v1/admin/products?category=6784ebef5ff484b886895bf2&subCategory=6784ef195264217713dbe4dd\",\"status\":\"400\",\"responseTime\":\"3629.433\"}"}
{"level":"info","message":"{\"method\":\"POST\",\"url\":\"/api/v1/admin/products?category=6784ebef5ff484b886895bf2&subCategory=6784ef195264217713dbe4dd\",\"status\":\"400\",\"responseTime\":\"3657.589\"}"}
{"level":"info","message":"{\"method\":\"POST\",\"url\":\"/api/v1/admin/products?category=6784ebef5ff484b886895bf2&subCategory=6784ef195264217713dbe4dd\",\"status\":\"400\",\"responseTime\":\"3694.598\"}"}
{"level":"info","message":"{\"method\":\"POST\",\"url\":\"/api/v1/admin/products?category=6784ebef5ff484b886895bf2&subCategory=6784ef195264217713dbe4dd\",\"status\":\"400\",\"responseTime\":\"3680.245\"}"}
{"level":"info","message":"{\"method\":\"POST\",\"url\":\"/api/v1/admin/products?category=6784ebef5ff484b886895bf2&subCategory=6784ef195264217713dbe4dd\",\"status\":\"400\",\"responseTime\":\"3399.483\"}"}
{"level":"info","message":"{\"method\":\"POST\",\"url\":\"/api/v1/admin/products?category=6784ebef5ff484b886895bf2&subCategory=6784ef195264217713dbe4dd\",\"status\":\"400\",\"responseTime\":\"3191.394\"}"}
{"level":"info","message":"{\"method\":\"POST\",\"url\":\"/api/v1/admin/products?category=6784ebef5ff484b886895bf2&subCategory=6784ef195264217713dbe4dd\",\"status\":\"400\",\"responseTime\":\"3477.907\"}"}
{"level":"info","message":"{\"method\":\"POST\",\"url\":\"/api/v1/admin/products?category=6784ebef5ff484b886895bf2&subCategory=6784ef195264217713dbe4dd\",\"status\":\"400\",\"responseTime\":\"3448.981\"}"}
{"level":"info","message":"{\"method\":\"POST\",\"url\":\"/api/v1/admin/products?category=6784ebef5ff484b886895bf2&subCategory=6784ef195264217713dbe4dd\",\"status\":\"400\",\"responseTime\":\"3505.309\"}"}
{"level":"info","message":"{\"method\":\"POST\",\"url\":\"/api/v1/admin/products?category=6784ebef5ff484b886895bf2&subCategory=6784ef195264217713dbe4dd\",\"status\":\"400\",\"responseTime\":\"3673.712\"}"}
{"level":"info","message":"{\"method\":\"POST\",\"url\":\"/api/v1/admin/products?category=6784ebef5ff484b886895bf2&subCategory=6784ef195264217713dbe4dd\",\"status\":\"400\",\"responseTime\":\"3425.022\"}"}
{"level":"info","message":"{\"method\":\"POST\",\"url\":\"/api/v1/admin/products?category=6784ebef5ff484b886895bf2&subCategory=6784ef195264217713dbe4dd\",\"status\":\"400\",\"responseTime\":\"4157.327\"}"}
{"level":"info","message":"{\"method\":\"POST\",\"url\":\"/api/v1/admin/products?category=6784ebef5ff484b886895bf2&subCategory=6784ef195264217713dbe4dd\",\"status\":\"400\",\"responseTime\":\"3817.393\"}"}
{"level":"info","message":"{\"method\":\"POST\",\"url\":\"/api/v1/admin/products?category=6784ebef5ff484b886895bf2&subCategory=6784ef195264217713dbe4dd\",\"status\":\"200\",\"responseTime\":\"5667.435\"}"}
{"level":"info","message":"{\"method\":\"GET\",\"url\":\"/api/v1/products/get-all-products/6784ebef5ff484b886895be6\",\"status\":\"404\",\"responseTime\":\"5.677\"}"}
{"level":"info","message":"{\"method\":\"POST\",\"url\":\"/api/v1/admin/products/?category=6784ebef5ff484b886895be6&subCategory=6784ee185264217713dbe4a7\",\"status\":\"400\",\"responseTime\":\"20.663\"}"}
{"level":"info","message":"{\"method\":\"POST\",\"url\":\"/api/v1/admin/products/?category=6784ebef5ff484b886895be6&subCategory=6784ee185264217713dbe4a7\",\"status\":\"200\",\"responseTime\":\"10.387\"}"}
{"level":"info","message":"{\"method\":\"POST\",\"url\":\"/api/v1/admin/products/?category=6784ebef5ff484b886895be6&subCategory=6784ee185264217713dbe4a7\",\"status\":\"200\",\"responseTime\":\"10.325\"}"}
{"level":"info","message":"{\"method\":\"GET\",\"url\":\"/api/v1/admin/products/?category=6784ebef5ff484b886895be6&subCategory=6784ee185264217713dbe4a7\",\"status\":\"403\",\"responseTime\":\"2.571\"}"}
{"level":"info","message":"{\"method\":\"GET\",\"url\":\"/favicon.ico\",\"status\":\"404\",\"responseTime\":\"16.187\"}"}
{"level":"info","message":"{\"method\":\"GET\",\"url\":\"/api/v1/admin/products/?category=6784ebef5ff484b886895be6&subCategory=6784ee185264217713dbe4a7\",\"status\":\"403\",\"responseTime\":\"1.339\"}"}
{"level":"info","message":"{\"method\":\"POST\",\"url\":\"/api/v1/admin/products/?category=6784ebef5ff484b886895be6&subCategory=6784ee185264217713dbe4a7\",\"status\":\"200\",\"responseTime\":\"22.687\"}"}
{"level":"info","message":"{\"method\":\"POST\",\"url\":\"/api/v1/admin/products/?category=6784ebef5ff484b886895be6&subCategory=6784ee185264217713dbe4a7\",\"status\":\"200\",\"responseTime\":\"6.081\"}"}
{"level":"info","message":"{\"method\":\"POST\",\"url\":\"/api/v1/admin/products/?category=6784ebef5ff484b886895be6&subCategory=6784ee185264217713dbe4a7\",\"status\":\"200\",\"responseTime\":\"24.861\"}"}
{"level":"info","message":"{\"method\":\"POST\",\"url\":\"/api/v1/admin/products/?category=6784ebef5ff484b886895be6&subCategory=6784ee185264217713dbe4a7\",\"status\":\"200\",\"responseTime\":\"23.170\"}"}
{"level":"info","message":"{\"method\":\"POST\",\"url\":\"/api/v1/admin/products/?category=6784ebef5ff484b886895be6&subCategory=6784ee185264217713dbe4a7\",\"status\":\"200\",\"responseTime\":\"6.360\"}"}
{"level":"info","message":"{\"method\":\"POST\",\"url\":\"/api/v1/admin/products/?category=6784ebef5ff484b886895be6&subCategory=6784ee185264217713dbe4a7\",\"status\":\"200\",\"responseTime\":\"23.581\"}"}
{"level":"info","message":"{\"method\":\"POST\",\"url\":\"/api/v1/admin/products/?category=6784ebef5ff484b886895be6&subCategory=6784ee185264217713dbe4a7\",\"status\":\"200\",\"responseTime\":\"21.725\"}"}
{"level":"info","message":"{\"method\":\"POST\",\"url\":\"/api/v1/admin/products/?category=6784ebef5ff484b886895be6&subCategory=6784ee185264217713dbe4a7\",\"status\":\"200\",\"responseTime\":\"11.065\"}"}
{"level":"info","message":"{\"method\":\"POST\",\"url\":\"/api/v1/admin/products/?category=6784ebef5ff484b886895be6&subCategory=6784ee185264217713dbe4a7\",\"status\":\"404\",\"responseTime\":\"5.973\"}"}
{"level":"info","message":"{\"method\":\"POST\",\"url\":\"/api/v1/admin/products/?category=6784ebef5ff484b886895be6&subCategory=6784ee185264217713dbe4a7\",\"status\":\"200\",\"responseTime\":\"14.130\"}"}
{"level":"info","message":"{\"method\":\"POST\",\"url\":\"/api/v1/admin/products/?category=6784ebef5ff484b886895be6&subCategory=6784ee185264217713dbe4a7\",\"status\":\"200\",\"responseTime\":\"16.611\"}"}
{"level":"info","message":"{\"method\":\"POST\",\"url\":\"/api/v1/admin/products/?category=6784ebef5ff484b886895be6&subCategory=6784ee185264217713dbe4a7\",\"status\":\"200\",\"responseTime\":\"3.200\"}"}
{"level":"info","message":"{\"method\":\"POST\",\"url\":\"/api/v1/admin/products/?category=6784ebef5ff484b886895be6&subCategory=6784ee185264217713dbe4a7\",\"status\":\"200\",\"responseTime\":\"11.439\"}"}
{"level":"info","message":"{\"method\":\"POST\",\"url\":\"/api/v1/admin/products/?category=6784ebef5ff484b886895be6&subCategory=6784ee185264217713dbe4a7\",\"status\":\"200\",\"responseTime\":\"3.750\"}"}
{"level":"info","message":"{\"method\":\"POST\",\"url\":\"/api/v1/admin/products/?category=6784ebef5ff484b886895be6&subCategory=6784ee185264217713dbe4a7\",\"status\":\"200\",\"responseTime\":\"5.112\"}"}
{"level":"info","message":"{\"method\":\"POST\",\"url\":\"/api/v1/admin/products/?category=6784ebef5ff484b886895be6&subCategory=6784ee185264217713dbe4a7\",\"status\":\"200\",\"responseTime\":\"13.745\"}"}
{"level":"info","message":"{\"method\":\"POST\",\"url\":\"/api/v1/admin/products/?category=6784ebef5ff484b886895be6&subCategory=6784ee185264217713dbe4a7\",\"status\":\"400\",\"responseTime\":\"10.730\"}"}
{"level":"info","message":"{\"method\":\"POST\",\"url\":\"/api/v1/admin/products/?category=6784ebef5ff484b886895be6&subCategory=6784ee185264217713dbe4a7\",\"status\":\"400\",\"responseTime\":\"8.016\"}"}
{"level":"info","message":"{\"method\":\"POST\",\"url\":\"/api/v1/admin/products/?category=6784ebef5ff484b886895be6&subCategory=6784ee185264217713dbe4a7\",\"status\":\"400\",\"responseTime\":\"16.430\"}"}
{"level":"info","message":"{\"method\":\"POST\",\"url\":\"/api/v1/admin/products/?category=6784ebef5ff484b886895be6&subCategory=6784ee185264217713dbe4a7\",\"status\":\"400\",\"responseTime\":\"4.662\"}"}
{"level":"info","message":"{\"method\":\"POST\",\"url\":\"/api/v1/admin/products/?category=6784ebef5ff484b886895be6&subCategory=6784ee185264217713dbe4a7\",\"status\":\"400\",\"responseTime\":\"16.260\"}"}
{"level":"info","message":"{\"method\":\"POST\",\"url\":\"/api/v1/admin/products/?category=6784ebef5ff484b886895be6&subCategory=6784ee185264217713dbe4a7\",\"status\":\"400\",\"responseTime\":\"9051.753\"}"}
{"level":"info","message":"{\"method\":\"POST\",\"url\":\"/api/v1/admin/products/?category=6784ebef5ff484b886895be6&subCategory=6784ee185264217713dbe4a7\",\"status\":\"400\",\"responseTime\":\"8973.708\"}"}
{"level":"info","message":"{\"method\":\"POST\",\"url\":\"/api/v1/admin/products/?category=undefined&subCategory=undefined\",\"status\":\"400\",\"responseTime\":\"22.103\"}"}
{"level":"info","message":"{\"method\":\"GET\",\"url\":\"/api/v1/admin/products/?category=6784ebef5ff484b886895be6&subCategory=6784ee185264217713dbe4a7\",\"status\":\"403\",\"responseTime\":\"0.743\"}"}
{"level":"info","message":"{\"method\":\"GET\",\"url\":\"/favicon.ico\",\"status\":\"404\",\"responseTime\":\"4.696\"}"}
{"level":"info","message":"{\"method\":\"POST\",\"url\":\"/api/v1/admin/products/?category=6784ebef5ff484b886895be6&subCategory=6784ee185264217713dbe4a7\",\"status\":\"400\",\"responseTime\":\"42402.151\"}"}
{"level":"info","message":"{\"method\":\"POST\",\"url\":\"/api/v1/admin/products/?category=678df15be072f5000b372b29&subCategory=6797be1174b48f817c06a394\",\"status\":\"401\",\"responseTime\":\"7.877\"}"}
{"level":"info","message":"{\"method\":\"POST\",\"url\":\"/api/v1/admin/products/?category=678df15be072f5000b372b29&subCategory=6797be1174b48f817c06a394\",\"status\":\"400\",\"responseTime\":\"55244.464\"}"}
{"level":"info","message":"{\"method\":\"POST\",\"url\":\"/api/v1/admin/products/?category=678df15be072f5000b372b29&subCategory=6797be1174b48f817c06a394\",\"status\":\"200\",\"responseTime\":\"52603.757\"}"}
