{"level":"error","message":"Password must include at least one letter, one number, and one special character."}
{"level":"info","message":"{\"method\":\"POST\",\"url\":\"/api/v1/auth/login\",\"status\":\"404\",\"responseTime\":\"38.648\"}"}
{"level":"error","message":"jwt expired"}
{"level":"info","message":"{\"method\":\"POST\",\"url\":\"/api/v1/admin/products?category=6784ebef5ff484b886895bf2&subCategory=6784ef195264217713dbe4dd\",\"status\":\"500\",\"responseTime\":\"1264.741\"}"}
{"level":"info","message":"{\"method\":\"POST\",\"url\":\"/api/v1/auth/login\",\"status\":\"404\",\"responseTime\":\"21.954\"}"}
{"level":"info","message":"{\"method\":\"POST\",\"url\":\"/api/v1/auth/login\",\"status\":\"200\",\"responseTime\":\"970.361\"}"}
{"level":"info","message":"{\"method\":\"POST\",\"url\":\"/api/v1/auth/login\",\"status\":\"200\",\"responseTime\":\"393.587\"}"}
{"level":"info","message":"{\"method\":\"POST\",\"url\":\"/api/v1/auth/login/otp\",\"status\":\"200\",\"responseTime\":\"82.766\"}"}
{"level":"info","message":"{\"method\":\"POST\",\"url\":\"/api/v1/admin/products?category=6784ebef5ff484b886895bf2&subCategory=6784ef195264217713dbe4dd\",\"status\":\"400\",\"responseTime\":\"3344.643\"}"}
{"level":"info","message":"{\"method\":\"POST\",\"url\":\"/api/v1/admin/products?category=6784ebef5ff484b886895bf2&subCategory=6784ef195264217713dbe4dd\",\"status\":\"200\",\"responseTime\":\"3537.476\"}"}
{"level":"info","message":"{\"method\":\"POST\",\"url\":\"/api/v1/admin/products?category=6784ebef5ff484b886895bf2&subCategory=6784ef195264217713dbe4dd\",\"status\":\"200\",\"responseTime\":\"3348.852\"}"}
{"level":"info","message":"{\"method\":\"POST\",\"url\":\"/api/v1/admin/products?category=6784ebef5ff484b886895bf2&subCategory=6784ef195264217713dbe4dd\",\"status\":\"200\",\"responseTime\":\"3689.895\"}"}
{"level":"info","message":"{\"method\":\"POST\",\"url\":\"/api/v1/admin/products?category=6784ebef5ff484b886895bf2&subCategory=6784ef195264217713dbe4dd\",\"status\":\"400\",\"responseTime\":\"3402.726\"}"}
{"level":"info","message":"{\"method\":\"POST\",\"url\":\"/api/v1/admin/products?category=6784ebef5ff484b886895bf2&subCategory=6784ef195264217713dbe4dd\",\"status\":\"400\",\"responseTime\":\"3629.433\"}"}
{"level":"info","message":"{\"method\":\"POST\",\"url\":\"/api/v1/admin/products?category=6784ebef5ff484b886895bf2&subCategory=6784ef195264217713dbe4dd\",\"status\":\"400\",\"responseTime\":\"3657.589\"}"}
{"level":"info","message":"{\"method\":\"POST\",\"url\":\"/api/v1/admin/products?category=6784ebef5ff484b886895bf2&subCategory=6784ef195264217713dbe4dd\",\"status\":\"400\",\"responseTime\":\"3694.598\"}"}
{"level":"info","message":"{\"method\":\"POST\",\"url\":\"/api/v1/admin/products?category=6784ebef5ff484b886895bf2&subCategory=6784ef195264217713dbe4dd\",\"status\":\"400\",\"responseTime\":\"3680.245\"}"}
{"level":"info","message":"{\"method\":\"POST\",\"url\":\"/api/v1/admin/products?category=6784ebef5ff484b886895bf2&subCategory=6784ef195264217713dbe4dd\",\"status\":\"400\",\"responseTime\":\"3399.483\"}"}
{"level":"info","message":"{\"method\":\"POST\",\"url\":\"/api/v1/admin/products?category=6784ebef5ff484b886895bf2&subCategory=6784ef195264217713dbe4dd\",\"status\":\"400\",\"responseTime\":\"3191.394\"}"}
{"level":"info","message":"{\"method\":\"POST\",\"url\":\"/api/v1/admin/products?category=6784ebef5ff484b886895bf2&subCategory=6784ef195264217713dbe4dd\",\"status\":\"400\",\"responseTime\":\"3477.907\"}"}
{"level":"info","message":"{\"method\":\"POST\",\"url\":\"/api/v1/admin/products?category=6784ebef5ff484b886895bf2&subCategory=6784ef195264217713dbe4dd\",\"status\":\"400\",\"responseTime\":\"3448.981\"}"}
{"level":"info","message":"{\"method\":\"POST\",\"url\":\"/api/v1/admin/products?category=6784ebef5ff484b886895bf2&subCategory=6784ef195264217713dbe4dd\",\"status\":\"400\",\"responseTime\":\"3505.309\"}"}
{"level":"info","message":"{\"method\":\"POST\",\"url\":\"/api/v1/admin/products?category=6784ebef5ff484b886895bf2&subCategory=6784ef195264217713dbe4dd\",\"status\":\"400\",\"responseTime\":\"3673.712\"}"}
{"level":"info","message":"{\"method\":\"POST\",\"url\":\"/api/v1/admin/products?category=6784ebef5ff484b886895bf2&subCategory=6784ef195264217713dbe4dd\",\"status\":\"400\",\"responseTime\":\"3425.022\"}"}
{"level":"info","message":"{\"method\":\"POST\",\"url\":\"/api/v1/admin/products?category=6784ebef5ff484b886895bf2&subCategory=6784ef195264217713dbe4dd\",\"status\":\"400\",\"responseTime\":\"4157.327\"}"}
{"level":"info","message":"{\"method\":\"POST\",\"url\":\"/api/v1/admin/products?category=6784ebef5ff484b886895bf2&subCategory=6784ef195264217713dbe4dd\",\"status\":\"400\",\"responseTime\":\"3817.393\"}"}
{"level":"info","message":"{\"method\":\"POST\",\"url\":\"/api/v1/admin/products?category=6784ebef5ff484b886895bf2&subCategory=6784ef195264217713dbe4dd\",\"status\":\"200\",\"responseTime\":\"5667.435\"}"}
{"level":"info","message":"{\"method\":\"GET\",\"url\":\"/api/v1/products/get-all-products/6784ebef5ff484b886895be6\",\"status\":\"404\",\"responseTime\":\"5.677\"}"}
{"level":"info","message":"{\"method\":\"POST\",\"url\":\"/api/v1/admin/products/?category=6784ebef5ff484b886895be6&subCategory=6784ee185264217713dbe4a7\",\"status\":\"400\",\"responseTime\":\"20.663\"}"}
{"level":"info","message":"{\"method\":\"POST\",\"url\":\"/api/v1/admin/products/?category=6784ebef5ff484b886895be6&subCategory=6784ee185264217713dbe4a7\",\"status\":\"200\",\"responseTime\":\"10.387\"}"}
{"level":"info","message":"{\"method\":\"POST\",\"url\":\"/api/v1/admin/products/?category=6784ebef5ff484b886895be6&subCategory=6784ee185264217713dbe4a7\",\"status\":\"200\",\"responseTime\":\"10.325\"}"}
{"level":"info","message":"{\"method\":\"GET\",\"url\":\"/api/v1/admin/products/?category=6784ebef5ff484b886895be6&subCategory=6784ee185264217713dbe4a7\",\"status\":\"403\",\"responseTime\":\"2.571\"}"}
{"level":"info","message":"{\"method\":\"GET\",\"url\":\"/favicon.ico\",\"status\":\"404\",\"responseTime\":\"16.187\"}"}
{"level":"info","message":"{\"method\":\"GET\",\"url\":\"/api/v1/admin/products/?category=6784ebef5ff484b886895be6&subCategory=6784ee185264217713dbe4a7\",\"status\":\"403\",\"responseTime\":\"1.339\"}"}
{"level":"info","message":"{\"method\":\"POST\",\"url\":\"/api/v1/admin/products/?category=6784ebef5ff484b886895be6&subCategory=6784ee185264217713dbe4a7\",\"status\":\"200\",\"responseTime\":\"22.687\"}"}
{"level":"info","message":"{\"method\":\"POST\",\"url\":\"/api/v1/admin/products/?category=6784ebef5ff484b886895be6&subCategory=6784ee185264217713dbe4a7\",\"status\":\"200\",\"responseTime\":\"6.081\"}"}
{"level":"info","message":"{\"method\":\"POST\",\"url\":\"/api/v1/admin/products/?category=6784ebef5ff484b886895be6&subCategory=6784ee185264217713dbe4a7\",\"status\":\"200\",\"responseTime\":\"24.861\"}"}
{"level":"info","message":"{\"method\":\"POST\",\"url\":\"/api/v1/admin/products/?category=6784ebef5ff484b886895be6&subCategory=6784ee185264217713dbe4a7\",\"status\":\"200\",\"responseTime\":\"23.170\"}"}
{"level":"info","message":"{\"method\":\"POST\",\"url\":\"/api/v1/admin/products/?category=6784ebef5ff484b886895be6&subCategory=6784ee185264217713dbe4a7\",\"status\":\"200\",\"responseTime\":\"6.360\"}"}
{"level":"info","message":"{\"method\":\"POST\",\"url\":\"/api/v1/admin/products/?category=6784ebef5ff484b886895be6&subCategory=6784ee185264217713dbe4a7\",\"status\":\"200\",\"responseTime\":\"23.581\"}"}
{"level":"info","message":"{\"method\":\"POST\",\"url\":\"/api/v1/admin/products/?category=6784ebef5ff484b886895be6&subCategory=6784ee185264217713dbe4a7\",\"status\":\"200\",\"responseTime\":\"21.725\"}"}
{"level":"info","message":"{\"method\":\"POST\",\"url\":\"/api/v1/admin/products/?category=6784ebef5ff484b886895be6&subCategory=6784ee185264217713dbe4a7\",\"status\":\"200\",\"responseTime\":\"11.065\"}"}
{"level":"info","message":"{\"method\":\"POST\",\"url\":\"/api/v1/admin/products/?category=6784ebef5ff484b886895be6&subCategory=6784ee185264217713dbe4a7\",\"status\":\"404\",\"responseTime\":\"5.973\"}"}
{"level":"info","message":"{\"method\":\"POST\",\"url\":\"/api/v1/admin/products/?category=6784ebef5ff484b886895be6&subCategory=6784ee185264217713dbe4a7\",\"status\":\"200\",\"responseTime\":\"14.130\"}"}
{"level":"info","message":"{\"method\":\"POST\",\"url\":\"/api/v1/admin/products/?category=6784ebef5ff484b886895be6&subCategory=6784ee185264217713dbe4a7\",\"status\":\"200\",\"responseTime\":\"16.611\"}"}
{"level":"info","message":"{\"method\":\"POST\",\"url\":\"/api/v1/admin/products/?category=6784ebef5ff484b886895be6&subCategory=6784ee185264217713dbe4a7\",\"status\":\"200\",\"responseTime\":\"3.200\"}"}
{"level":"info","message":"{\"method\":\"POST\",\"url\":\"/api/v1/admin/products/?category=6784ebef5ff484b886895be6&subCategory=6784ee185264217713dbe4a7\",\"status\":\"200\",\"responseTime\":\"11.439\"}"}
{"level":"info","message":"{\"method\":\"POST\",\"url\":\"/api/v1/admin/products/?category=6784ebef5ff484b886895be6&subCategory=6784ee185264217713dbe4a7\",\"status\":\"200\",\"responseTime\":\"3.750\"}"}
{"level":"info","message":"{\"method\":\"POST\",\"url\":\"/api/v1/admin/products/?category=6784ebef5ff484b886895be6&subCategory=6784ee185264217713dbe4a7\",\"status\":\"200\",\"responseTime\":\"5.112\"}"}
{"level":"info","message":"{\"method\":\"POST\",\"url\":\"/api/v1/admin/products/?category=6784ebef5ff484b886895be6&subCategory=6784ee185264217713dbe4a7\",\"status\":\"200\",\"responseTime\":\"13.745\"}"}
{"level":"info","message":"{\"method\":\"POST\",\"url\":\"/api/v1/admin/products/?category=6784ebef5ff484b886895be6&subCategory=6784ee185264217713dbe4a7\",\"status\":\"400\",\"responseTime\":\"10.730\"}"}
{"level":"info","message":"{\"method\":\"POST\",\"url\":\"/api/v1/admin/products/?category=6784ebef5ff484b886895be6&subCategory=6784ee185264217713dbe4a7\",\"status\":\"400\",\"responseTime\":\"8.016\"}"}
{"level":"info","message":"{\"method\":\"POST\",\"url\":\"/api/v1/admin/products/?category=6784ebef5ff484b886895be6&subCategory=6784ee185264217713dbe4a7\",\"status\":\"400\",\"responseTime\":\"16.430\"}"}
{"level":"info","message":"{\"method\":\"POST\",\"url\":\"/api/v1/admin/products/?category=6784ebef5ff484b886895be6&subCategory=6784ee185264217713dbe4a7\",\"status\":\"400\",\"responseTime\":\"4.662\"}"}
{"level":"info","message":"{\"method\":\"POST\",\"url\":\"/api/v1/admin/products/?category=6784ebef5ff484b886895be6&subCategory=6784ee185264217713dbe4a7\",\"status\":\"400\",\"responseTime\":\"16.260\"}"}
{"level":"info","message":"{\"method\":\"POST\",\"url\":\"/api/v1/admin/products/?category=6784ebef5ff484b886895be6&subCategory=6784ee185264217713dbe4a7\",\"status\":\"400\",\"responseTime\":\"9051.753\"}"}
{"level":"info","message":"{\"method\":\"POST\",\"url\":\"/api/v1/admin/products/?category=6784ebef5ff484b886895be6&subCategory=6784ee185264217713dbe4a7\",\"status\":\"400\",\"responseTime\":\"8973.708\"}"}
{"level":"info","message":"{\"method\":\"POST\",\"url\":\"/api/v1/admin/products/?category=undefined&subCategory=undefined\",\"status\":\"400\",\"responseTime\":\"22.103\"}"}
{"level":"info","message":"{\"method\":\"GET\",\"url\":\"/api/v1/admin/products/?category=6784ebef5ff484b886895be6&subCategory=6784ee185264217713dbe4a7\",\"status\":\"403\",\"responseTime\":\"0.743\"}"}
{"level":"info","message":"{\"method\":\"GET\",\"url\":\"/favicon.ico\",\"status\":\"404\",\"responseTime\":\"4.696\"}"}
{"level":"info","message":"{\"method\":\"POST\",\"url\":\"/api/v1/admin/products/?category=6784ebef5ff484b886895be6&subCategory=6784ee185264217713dbe4a7\",\"status\":\"400\",\"responseTime\":\"42402.151\"}"}
{"level":"info","message":"{\"method\":\"POST\",\"url\":\"/api/v1/admin/products/?category=678df15be072f5000b372b29&subCategory=6797be1174b48f817c06a394\",\"status\":\"401\",\"responseTime\":\"7.877\"}"}
{"level":"info","message":"{\"method\":\"POST\",\"url\":\"/api/v1/admin/products/?category=678df15be072f5000b372b29&subCategory=6797be1174b48f817c06a394\",\"status\":\"400\",\"responseTime\":\"55244.464\"}"}
{"level":"info","message":"{\"method\":\"POST\",\"url\":\"/api/v1/admin/products/?category=678df15be072f5000b372b29&subCategory=6797be1174b48f817c06a394\",\"status\":\"200\",\"responseTime\":\"52603.757\"}"}
{"level":"info","message":"{\"method\":\"POST\",\"url\":\"/api/v1/auth/signin\",\"status\":\"200\",\"responseTime\":\"411.201\"}"}
{"level":"info","message":"{\"method\":\"POST\",\"url\":\"/api/v1/auth/signin/otp\",\"status\":\"200\",\"responseTime\":\"54.488\"}"}
{"level":"info","message":"{\"method\":\"POST\",\"url\":\"/api/v1/auth/signin/otp\",\"status\":\"400\",\"responseTime\":\"17.075\"}"}
{"level":"info","message":"{\"method\":\"POST\",\"url\":\"/api/v1/auth/login\",\"status\":\"200\",\"responseTime\":\"379.381\"}"}
{"level":"info","message":"{\"method\":\"POST\",\"url\":\"/api/v1/auth/login/otp\",\"status\":\"200\",\"responseTime\":\"64.333\"}"}
{"level":"info","message":"{\"method\":\"DELETE\",\"url\":\"/api/v1/admin/prodcuts/6787a40afd99280f679e712a\",\"status\":\"404\",\"responseTime\":\"7.620\"}"}
{"level":"info","message":"{\"method\":\"DELETE\",\"url\":\"/api/v1/admin/prodcuts/6787a40afd99280f679e712a\",\"status\":\"404\",\"responseTime\":\"3.699\"}"}
{"level":"info","message":"{\"method\":\"DELETE\",\"url\":\"/api/v1/admin/prodcuts/6787a40afd99280f679e712a\",\"status\":\"404\",\"responseTime\":\"4.258\"}"}
{"level":"info","message":"{\"method\":\"DELETE\",\"url\":\"/api/v1/admin/prodcuts/6787a40afd99280f679e712a\",\"status\":\"404\",\"responseTime\":\"4.900\"}"}
{"level":"info","message":"{\"method\":\"DELETE\",\"url\":\"/api/v1/admin/prodcuts/6787a40afd99280f679e712a\",\"status\":\"404\",\"responseTime\":\"4.714\"}"}
{"level":"info","message":"{\"method\":\"DELETE\",\"url\":\"/api/v1/admin/prodcuts/productId\",\"status\":\"404\",\"responseTime\":\"11.795\"}"}
{"level":"info","message":"{\"method\":\"GET\",\"url\":\"/api/v1/admin/prodcuts\",\"status\":\"404\",\"responseTime\":\"10.578\"}"}
{"level":"info","message":"{\"method\":\"GET\",\"url\":\"/api/v1/admin/products/6787a40afd99280f679e712a\",\"status\":\"404\",\"responseTime\":\"1.988\"}"}
{"level":"info","message":"{\"method\":\"DELETE\",\"url\":\"/api/v1/admin/products/6787a40afd99280f679e712a\",\"status\":\"200\",\"responseTime\":\"260.624\"}"}
{"level":"info","message":"{\"method\":\"DELETE\",\"url\":\"/api/v1/admin/products/6794d47179b1615ec52d88ca\",\"status\":\"200\",\"responseTime\":\"67.385\"}"}
{"level":"info","message":"{\"method\":\"DELETE\",\"url\":\"/api/v1/admin/products/6787a417fd99280f679e7138\",\"status\":\"200\",\"responseTime\":\"34.377\"}"}
{"level":"info","message":"{\"method\":\"DELETE\",\"url\":\"/api/v1/admin/products/6787a41cfd99280f679e713f\",\"status\":\"200\",\"responseTime\":\"38.142\"}"}
{"level":"info","message":"{\"method\":\"GET\",\"url\":\"/api/v1/admin/users\",\"status\":\"403\",\"responseTime\":\"18.865\"}"}
{"level":"info","message":"{\"method\":\"GET\",\"url\":\"/api/v1/admin/users\",\"status\":\"200\",\"responseTime\":\"102.629\"}"}
{"level":"info","message":"{\"method\":\"GET\",\"url\":\"/api/v1/admin/users\",\"status\":\"200\",\"responseTime\":\"61.887\"}"}
{"level":"info","message":"{\"method\":\"GET\",\"url\":\"/api/v1/admin/users\",\"status\":\"200\",\"responseTime\":\"60.641\"}"}
{"level":"info","message":"{\"method\":\"DELETE\",\"url\":\"/api/v1/admin/users/6784cf8afcd22b243e3bd7dd\",\"status\":\"200\",\"responseTime\":\"273.777\"}"}
{"level":"info","message":"{\"method\":\"GET\",\"url\":\"/api/v1/admin/users\",\"status\":\"200\",\"responseTime\":\"41.228\"}"}
{"level":"info","message":"{\"method\":\"GET\",\"url\":\"/api/v1/admin/users\",\"status\":\"200\",\"responseTime\":\"29.877\"}"}
{"level":"info","message":"{\"method\":\"DELETE\",\"url\":\"/api/v1/admin/users/6784cf8afcd22b243e3bd7dd\",\"status\":\"500\",\"responseTime\":\"12.052\"}"}
{"level":"info","message":"{\"method\":\"DELETE\",\"url\":\"/api/v1/admin/users/6784cf8afcd22b243e3bd7dd\",\"status\":\"200\",\"responseTime\":\"61.283\"}"}
{"level":"info","message":"{\"method\":\"GET\",\"url\":\"/api/v1/admin/users\",\"status\":\"200\",\"responseTime\":\"32.789\"}"}
{"level":"info","message":"{\"method\":\"GET\",\"url\":\"/api/v1/admin/get-all-enquiries/679bb3f1e44f253aa9a2c12b\",\"status\":\"403\",\"responseTime\":\"8.106\"}"}
{"level":"info","message":"{\"method\":\"GET\",\"url\":\"/api/v1/admin/get-all-enquiries/679bb3f1e44f253aa9a2c12b\",\"status\":\"200\",\"responseTime\":\"52.319\"}"}
{"level":"info","message":"{\"method\":\"GET\",\"url\":\"/api/v1/admin/get-all-enquiries/679bb3f1e44f253aa9a2\",\"status\":\"500\",\"responseTime\":\"7.708\"}"}
{"level":"info","message":"{\"method\":\"GET\",\"url\":\"/api/v1/admin/get-all-enquiries/679bb3f1e44f253aa9a2\",\"status\":\"400\",\"responseTime\":\"10.144\"}"}
{"level":"info","message":"{\"method\":\"GET\",\"url\":\"/api/v1/admin/get-all-enquiries/679bb3f1e44f253aa9a2c12b\",\"status\":\"200\",\"responseTime\":\"39.544\"}"}
{"level":"info","message":"{\"method\":\"DELETE\",\"url\":\"/api/v1/admin/get-all-enquiries/679bb33ce44f253aa9a2c122\",\"status\":\"200\",\"responseTime\":\"67.855\"}"}
{"level":"info","message":"{\"method\":\"GET\",\"url\":\"/api/v1/admin/get-all-enquiries/679bb3f1e44f253aa9a2c12b\",\"status\":\"200\",\"responseTime\":\"45.945\"}"}
{"level":"info","message":"{\"method\":\"PATCH\",\"url\":\"/api/v1/admin/get-all-enquiries/679bb3f1e44f253aa9a2c12b/action-on-enquiry\",\"status\":\"403\",\"responseTime\":\"1.148\"}"}
{"level":"error","message":"jwt expired"}
{"level":"info","message":"{\"method\":\"PATCH\",\"url\":\"/api/v1/admin/get-all-enquiries/679bb3f1e44f253aa9a2c12b/action-on-enquiry\",\"status\":\"500\",\"responseTime\":\"2.489\"}"}
{"level":"info","message":"{\"method\":\"POST\",\"url\":\"/api/v1/auth/login\",\"status\":\"200\",\"responseTime\":\"361.158\"}"}
{"level":"info","message":"{\"method\":\"POST\",\"url\":\"/api/v1/auth/login/otp\",\"status\":\"200\",\"responseTime\":\"61.051\"}"}
{"level":"info","message":"{\"method\":\"PATCH\",\"url\":\"/api/v1/admin/get-all-enquiries/679bb3f1e44f253aa9a2c12b/action-on-enquiry\",\"status\":\"200\",\"responseTime\":\"43.145\"}"}
{"level":"error","message":"jwt expired"}
{"level":"info","message":"{\"method\":\"GET\",\"url\":\"/api/v1/admin/get-all-enquiries/679bb3f1e44f253aa9a2c12b\",\"status\":\"500\",\"responseTime\":\"2.515\"}"}
{"level":"info","message":"{\"method\":\"GET\",\"url\":\"/api/v1/admin/get-all-enquiries/679bb3f1e44f253aa9a2c12b\",\"status\":\"200\",\"responseTime\":\"29.799\"}"}
